1509647115888	geckodriver	INFO	geckodriver 0.19.0
1509647115895	geckodriver	INFO	Listening on 127.0.0.1:54543
1509647117987	mozrunner::runner	INFO	Running command: "C:\\Program Files\\Firefox Developer Edition\\firefox.exe" "-marionette" "-profile" "C:\\Users\\Travis\\AppData\\Local\\Temp\\rust_mozprofile.ILcspVMW2k0f"
1509647118216	addons.manager	DEBUG	Application has been upgraded
1509647118236	addons.manager	DEBUG	Loaded provider scope for resource://gre/modules/addons/XPIProvider.jsm: ["XPIProvider", "XPIInternal"]
1509647118238	addons.manager	DEBUG	Loaded provider scope for resource://gre/modules/LightweightThemeManager.jsm: ["LightweightThemeManager"]
1509647118254	addons.manager	DEBUG	Loaded provider scope for resource://gre/modules/addons/GMPProvider.jsm
1509647118256	addons.manager	DEBUG	Loaded provider scope for resource://gre/modules/addons/PluginProvider.jsm
1509647118256	addons.manager	DEBUG	Starting provider: XPIProvider
1509647118256	addons.xpi	DEBUG	startup
1509647118256	addons.xpi	INFO	SystemAddonInstallLocation directory is missing
1509647118256	addons.xpi	INFO	Removing all system add-on upgrades.
1509647118257	addons.xpi	DEBUG	checkForChanges
1509647118257	addons.xpi	DEBUG	Loaded add-on state: ${}
1509647118258	addons.xpi	INFO	Mapping activity-stream@mozilla.org to C:\Program Files\Firefox Developer Edition\browser\features\activity-stream@mozilla.org.xpi
1509647118258	addons.xpi	INFO	Mapping aushelper@mozilla.org to C:\Program Files\Firefox Developer Edition\browser\features\aushelper@mozilla.org.xpi
1509647118258	addons.xpi	INFO	Mapping e10srollout@mozilla.org to C:\Program Files\Firefox Developer Edition\browser\features\e10srollout@mozilla.org.xpi
1509647118258	addons.xpi	INFO	Mapping firefox@getpocket.com to C:\Program Files\Firefox Developer Edition\browser\features\firefox@getpocket.com.xpi
1509647118258	addons.xpi	INFO	Mapping followonsearch@mozilla.com to C:\Program Files\Firefox Developer Edition\browser\features\followonsearch@mozilla.com.xpi
1509647118258	addons.xpi	INFO	Mapping formautofill@mozilla.org to C:\Program Files\Firefox Developer Edition\browser\features\formautofill@mozilla.org.xpi
1509647118258	addons.xpi	INFO	Mapping onboarding@mozilla.org to C:\Program Files\Firefox Developer Edition\browser\features\onboarding@mozilla.org.xpi
1509647118258	addons.xpi	INFO	Mapping screenshots@mozilla.org to C:\Program Files\Firefox Developer Edition\browser\features\screenshots@mozilla.org.xpi
1509647118258	addons.xpi	INFO	Mapping shield-recipe-client@mozilla.org to C:\Program Files\Firefox Developer Edition\browser\features\shield-recipe-client@mozilla.org.xpi
1509647118258	addons.xpi	INFO	Mapping webcompat-reporter@mozilla.org to C:\Program Files\Firefox Developer Edition\browser\features\webcompat-reporter@mozilla.org.xpi
1509647118259	addons.xpi	INFO	Mapping webcompat@mozilla.org to C:\Program Files\Firefox Developer Edition\browser\features\webcompat@mozilla.org.xpi
1509647118259	addons.xpi	DEBUG	New add-on activity-stream@mozilla.org in app-system-defaults
1509647118259	addons.xpi	INFO	Mapping activity-stream@mozilla.org to C:\Program Files\Firefox Developer Edition\browser\features\activity-stream@mozilla.org.xpi
1509647118260	addons.xpi	DEBUG	New add-on aushelper@mozilla.org in app-system-defaults
1509647118260	addons.xpi	INFO	Mapping aushelper@mozilla.org to C:\Program Files\Firefox Developer Edition\browser\features\aushelper@mozilla.org.xpi
1509647118260	addons.xpi	DEBUG	New add-on e10srollout@mozilla.org in app-system-defaults
1509647118261	addons.xpi	INFO	Mapping e10srollout@mozilla.org to C:\Program Files\Firefox Developer Edition\browser\features\e10srollout@mozilla.org.xpi
1509647118262	addons.xpi	DEBUG	New add-on firefox@getpocket.com in app-system-defaults
1509647118262	addons.xpi	INFO	Mapping firefox@getpocket.com to C:\Program Files\Firefox Developer Edition\browser\features\firefox@getpocket.com.xpi
1509647118263	addons.xpi	DEBUG	New add-on followonsearch@mozilla.com in app-system-defaults
1509647118263	addons.xpi	INFO	Mapping followonsearch@mozilla.com to C:\Program Files\Firefox Developer Edition\browser\features\followonsearch@mozilla.com.xpi
1509647118263	addons.xpi	DEBUG	New add-on formautofill@mozilla.org in app-system-defaults
1509647118263	addons.xpi	INFO	Mapping formautofill@mozilla.org to C:\Program Files\Firefox Developer Edition\browser\features\formautofill@mozilla.org.xpi
1509647118264	addons.xpi	DEBUG	New add-on onboarding@mozilla.org in app-system-defaults
1509647118264	addons.xpi	INFO	Mapping onboarding@mozilla.org to C:\Program Files\Firefox Developer Edition\browser\features\onboarding@mozilla.org.xpi
1509647118264	addons.xpi	DEBUG	New add-on screenshots@mozilla.org in app-system-defaults
1509647118264	addons.xpi	INFO	Mapping screenshots@mozilla.org to C:\Program Files\Firefox Developer Edition\browser\features\screenshots@mozilla.org.xpi
1509647118265	addons.xpi	DEBUG	New add-on shield-recipe-client@mozilla.org in app-system-defaults
1509647118265	addons.xpi	INFO	Mapping shield-recipe-client@mozilla.org to C:\Program Files\Firefox Developer Edition\browser\features\shield-recipe-client@mozilla.org.xpi
1509647118265	addons.xpi	DEBUG	New add-on webcompat-reporter@mozilla.org in app-system-defaults
1509647118265	addons.xpi	INFO	Mapping webcompat-reporter@mozilla.org to C:\Program Files\Firefox Developer Edition\browser\features\webcompat-reporter@mozilla.org.xpi
1509647118265	addons.xpi	DEBUG	New add-on webcompat@mozilla.org in app-system-defaults
1509647118265	addons.xpi	INFO	Mapping webcompat@mozilla.org to C:\Program Files\Firefox Developer Edition\browser\features\webcompat@mozilla.org.xpi
1509647118266	addons.xpi	INFO	Mapping {972ce4c6-7e08-4474-a285-3208198ce6fd} to C:\Program Files\Firefox Developer Edition\browser\extensions\{972ce4c6-7e08-4474-a285-3208198ce6fd}.xpi
1509647118266	addons.xpi	DEBUG	New add-on {972ce4c6-7e08-4474-a285-3208198ce6fd} in app-global
1509647118266	addons.xpi	INFO	Mapping {972ce4c6-7e08-4474-a285-3208198ce6fd} to C:\Program Files\Firefox Developer Edition\browser\extensions\{972ce4c6-7e08-4474-a285-3208198ce6fd}.xpi
1509647118266	addons.xpi	DEBUG	getInstallState changed: true, state: {}
1509647118266	addons.xpi	INFO	SystemAddonInstallLocation directory is missing
1509647118270	addons.xpi-utils	DEBUG	Opening XPI database C:\Users\Travis\AppData\Local\Temp\rust_mozprofile.ILcspVMW2k0f\extensions.json
1509647118271	addons.xpi-utils	DEBUG	New add-on activity-stream@mozilla.org installed in app-system-defaults
*** Blocklist::_loadBlocklistFromFile: blocklist is disabled
1509647118287	DeferredSave.extensions.json	DEBUG	Save changes
1509647118288	addons.xpi-utils	DEBUG	New add-on aushelper@mozilla.org installed in app-system-defaults
1509647118290	DeferredSave.extensions.json	DEBUG	Starting timer
1509647118291	DeferredSave.extensions.json	DEBUG	Save changes
1509647118291	addons.xpi-utils	DEBUG	New add-on e10srollout@mozilla.org installed in app-system-defaults
1509647118293	DeferredSave.extensions.json	DEBUG	Save changes
1509647118293	addons.xpi-utils	DEBUG	New add-on firefox@getpocket.com installed in app-system-defaults
1509647118298	DeferredSave.extensions.json	DEBUG	Save changes
1509647118299	addons.xpi-utils	DEBUG	New add-on followonsearch@mozilla.com installed in app-system-defaults
1509647118301	DeferredSave.extensions.json	DEBUG	Save changes
1509647118301	addons.xpi-utils	DEBUG	New add-on formautofill@mozilla.org installed in app-system-defaults
1509647118303	DeferredSave.extensions.json	DEBUG	Save changes
1509647118303	addons.xpi-utils	DEBUG	New add-on onboarding@mozilla.org installed in app-system-defaults
1509647118305	DeferredSave.extensions.json	DEBUG	Save changes
1509647118305	addons.xpi-utils	DEBUG	New add-on screenshots@mozilla.org installed in app-system-defaults
1509647118309	DeferredSave.extensions.json	DEBUG	Save changes
1509647118309	addons.xpi-utils	DEBUG	New add-on shield-recipe-client@mozilla.org installed in app-system-defaults
1509647118311	DeferredSave.extensions.json	DEBUG	Save changes
1509647118312	addons.xpi-utils	DEBUG	New add-on webcompat-reporter@mozilla.org installed in app-system-defaults
1509647118315	DeferredSave.extensions.json	DEBUG	Save changes
1509647118315	addons.xpi-utils	DEBUG	New add-on webcompat@mozilla.org installed in app-system-defaults
1509647118318	DeferredSave.extensions.json	DEBUG	Save changes
1509647118318	addons.xpi-utils	DEBUG	New add-on {972ce4c6-7e08-4474-a285-3208198ce6fd} installed in app-global
1509647118319	DeferredSave.extensions.json	DEBUG	Save changes
1509647118320	addons.manager	DEBUG	Registering startup change 'installed' for activity-stream@mozilla.org
1509647118325	addons.xpi	DEBUG	Loading bootstrap scope from C:\Program Files\Firefox Developer Edition\browser\features\activity-stream@mozilla.org.xpi
1509647118327	addons.xpi	DEBUG	Calling bootstrap method install on activity-stream@mozilla.org version 2017.10.05.1066-43726d35
1509647118327	addons.xpi-utils	DEBUG	Make addon app-system-defaults:activity-stream@mozilla.org visible
1509647118327	addons.xpi	DEBUG	Updating XPIState for {"id":"activity-stream@mozilla.org","syncGUID":"{c073dc00-9000-49ba-9a46-ee10b495b70b}","location":"app-system-defaults","version":"2017.10.05.1066-43726d35","type":"extension","internalName":null,"updateURL":null,"updateKey":null,"optionsURL":null,"optionsType":null,"aboutURL":null,"defaultLocale":{"name":"Activity Stream","description":"A rich visual history feed and a reimagined home page make it easier than ever to find exactly what you're looking for in Firefox.","creator":null,"homepageURL":null},"visible":true,"active":false,"userDisabled":false,"appDisabled":false,"installDate":1509060020908,"updateDate":1509060020908,"applyBackgroundUpdates":1,"bootstrap":true,"path":"C:\\Program Files\\Firefox Developer Edition\\browser\\features\\activity-stream@mozilla.org.xpi","skinnable":false,"size":1377595,"sourceURI":null,"releaseNotesURI":null,"softDisabled":false,"foreignInstall":false,"hasBinaryComponents":false,"strictCompatibility":false,"locales":[],"targetApplications":[{"id":"{ec8030f7-c20a-464f-9b0e-13a3a9e97384}","minVersion":"57.0","maxVersion":"57.*"}],"targetPlatforms":[],"multiprocessCompatible":true,"seen":true,"dependencies":[],"hasEmbeddedWebExtension":false,"mpcOptedOut":false,"userPermissions":null,"icons":{},"iconURL":null,"icon64URL":null,"blocklistState":0,"blocklistURL":null}
1509647118330	DeferredSave.extensions.json	DEBUG	Save changes
1509647118330	addons.manager	DEBUG	Registering startup change 'installed' for aushelper@mozilla.org
1509647118331	addons.xpi	DEBUG	Loading bootstrap scope from C:\Program Files\Firefox Developer Edition\browser\features\aushelper@mozilla.org.xpi
1509647118332	addons.xpi	DEBUG	Calling bootstrap method install on aushelper@mozilla.org version 2.0
1509647118333	addons.xpi-utils	DEBUG	Make addon app-system-defaults:aushelper@mozilla.org visible
1509647118333	addons.xpi	DEBUG	Updating XPIState for {"id":"aushelper@mozilla.org","syncGUID":"{a55f6930-7140-4699-8ba7-61ad0c084ca6}","location":"app-system-defaults","version":"2.0","type":"extension","internalName":null,"updateURL":null,"updateKey":null,"optionsURL":null,"optionsType":null,"aboutURL":null,"defaultLocale":{"name":"Application Update Service Helper","description":"Sets value(s) in the update url based on custom checks.","creator":null,"homepageURL":null},"visible":true,"active":false,"userDisabled":false,"appDisabled":false,"installDate":1509060020909,"updateDate":1509060020909,"applyBackgroundUpdates":1,"bootstrap":true,"path":"C:\\Program Files\\Firefox Developer Edition\\browser\\features\\aushelper@mozilla.org.xpi","skinnable":false,"size":8486,"sourceURI":null,"releaseNotesURI":null,"softDisabled":false,"foreignInstall":false,"hasBinaryComponents":false,"strictCompatibility":false,"locales":[],"targetApplications":[{"id":"{ec8030f7-c20a-464f-9b0e-13a3a9e97384}","minVersion":"57.0","maxVersion":"57.*"}],"targetPlatforms":[],"multiprocessCompatible":true,"seen":true,"dependencies":[],"hasEmbeddedWebExtension":false,"mpcOptedOut":false,"userPermissions":null,"icons":{},"iconURL":null,"icon64URL":null,"blocklistState":0,"blocklistURL":null}
1509647118333	DeferredSave.extensions.json	DEBUG	Save changes
1509647118333	addons.manager	DEBUG	Registering startup change 'installed' for e10srollout@mozilla.org
1509647118333	addons.xpi	DEBUG	Loading bootstrap scope from C:\Program Files\Firefox Developer Edition\browser\features\e10srollout@mozilla.org.xpi
1509647118339	addons.xpi	DEBUG	Calling bootstrap method install on e10srollout@mozilla.org version 3.05
1509647118339	addons.xpi-utils	DEBUG	Make addon app-system-defaults:e10srollout@mozilla.org visible
1509647118340	addons.xpi	DEBUG	Updating XPIState for {"id":"e10srollout@mozilla.org","syncGUID":"{26b16e43-0bdb-491f-9e29-6302d07cb654}","location":"app-system-defaults","version":"3.05","type":"extension","internalName":null,"updateURL":null,"updateKey":null,"optionsURL":null,"optionsType":null,"aboutURL":null,"defaultLocale":{"name":"Multi-process staged rollout","description":"Staged rollout of Firefox multi-process feature.","creator":null,"homepageURL":null},"visible":true,"active":false,"userDisabled":false,"appDisabled":false,"installDate":1509060020909,"updateDate":1509060020909,"applyBackgroundUpdates":1,"bootstrap":true,"path":"C:\\Program Files\\Firefox Developer Edition\\browser\\features\\e10srollout@mozilla.org.xpi","skinnable":false,"size":13477,"sourceURI":null,"releaseNotesURI":null,"softDisabled":false,"foreignInstall":false,"hasBinaryComponents":false,"strictCompatibility":false,"locales":[],"targetApplications":[{"id":"{ec8030f7-c20a-464f-9b0e-13a3a9e97384}","minVersion":"57.0","maxVersion":"57.*"}],"targetPlatforms":[],"multiprocessCompatible":true,"seen":true,"dependencies":[],"hasEmbeddedWebExtension":false,"mpcOptedOut":false,"userPermissions":null,"icons":{},"iconURL":null,"icon64URL":null,"blocklistState":0,"blocklistURL":null}
1509647118340	DeferredSave.extensions.json	DEBUG	Save changes
1509647118340	addons.manager	DEBUG	Registering startup change 'installed' for firefox@getpocket.com
1509647118340	addons.xpi	DEBUG	Loading bootstrap scope from C:\Program Files\Firefox Developer Edition\browser\features\firefox@getpocket.com.xpi
1509647118343	addons.xpi	DEBUG	Calling bootstrap method install on firefox@getpocket.com version 1.0.5
1509647118344	addons.xpi-utils	DEBUG	Make addon app-system-defaults:firefox@getpocket.com visible
1509647118344	addons.xpi	DEBUG	Updating XPIState for {"id":"firefox@getpocket.com","syncGUID":"{84ee216d-e82c-44ed-b485-753d39a5162f}","location":"app-system-defaults","version":"1.0.5","type":"extension","internalName":null,"updateURL":null,"updateKey":null,"optionsURL":null,"optionsType":null,"aboutURL":null,"defaultLocale":{"name":"Pocket","description":"When you find something you want to view later, put it in Pocket.","creator":null,"homepageURL":null},"visible":true,"active":false,"userDisabled":false,"appDisabled":false,"installDate":1509060020915,"updateDate":1509060020915,"applyBackgroundUpdates":1,"bootstrap":true,"path":"C:\\Program Files\\Firefox Developer Edition\\browser\\features\\firefox@getpocket.com.xpi","skinnable":false,"size":914806,"sourceURI":null,"releaseNotesURI":null,"softDisabled":false,"foreignInstall":false,"hasBinaryComponents":false,"strictCompatibility":false,"locales":[],"targetApplications":[{"id":"{ec8030f7-c20a-464f-9b0e-13a3a9e97384}","minVersion":"57.0","maxVersion":"57.*"}],"targetPlatforms":[],"multiprocessCompatible":true,"seen":true,"dependencies":[],"hasEmbeddedWebExtension":false,"mpcOptedOut":false,"userPermissions":null,"icons":{},"iconURL":null,"icon64URL":null,"blocklistState":0,"blocklistURL":null}
1509647118344	DeferredSave.extensions.json	DEBUG	Save changes
1509647118345	addons.manager	DEBUG	Registering startup change 'installed' for followonsearch@mozilla.com
1509647118346	addons.xpi	DEBUG	Loading bootstrap scope from C:\Program Files\Firefox Developer Edition\browser\features\followonsearch@mozilla.com.xpi
1509647118348	addons.xpi	DEBUG	Calling bootstrap method install on followonsearch@mozilla.com version 0.9.6
1509647118348	addons.xpi-utils	DEBUG	Make addon app-system-defaults:followonsearch@mozilla.com visible
1509647118348	addons.xpi	DEBUG	Updating XPIState for {"id":"followonsearch@mozilla.com","syncGUID":"{f80bebcb-376b-43b9-b46f-4bdb40eb4831}","location":"app-system-defaults","version":"0.9.6","type":"extension","internalName":null,"updateURL":null,"updateKey":null,"optionsURL":null,"optionsType":null,"aboutURL":null,"defaultLocale":{"name":"Follow-on Search Telemetry","description":null,"creator":null,"homepageURL":null},"visible":true,"active":false,"userDisabled":false,"appDisabled":false,"installDate":1509060020916,"updateDate":1509060020916,"applyBackgroundUpdates":1,"bootstrap":true,"path":"C:\\Program Files\\Firefox Developer Edition\\browser\\features\\followonsearch@mozilla.com.xpi","skinnable":false,"size":18625,"sourceURI":null,"releaseNotesURI":null,"softDisabled":false,"foreignInstall":false,"hasBinaryComponents":false,"strictCompatibility":false,"locales":[],"targetApplications":[{"id":"{ec8030f7-c20a-464f-9b0e-13a3a9e97384}","minVersion":"52.0","maxVersion":"59.*"}],"targetPlatforms":[],"multiprocessCompatible":true,"seen":true,"dependencies":[],"hasEmbeddedWebExtension":false,"mpcOptedOut":false,"userPermissions":null,"icons":{},"iconURL":null,"icon64URL":null,"blocklistState":0,"blocklistURL":null}
1509647118348	DeferredSave.extensions.json	DEBUG	Save changes
1509647118348	addons.manager	DEBUG	Registering startup change 'installed' for formautofill@mozilla.org
1509647118349	addons.xpi	DEBUG	Loading bootstrap scope from C:\Program Files\Firefox Developer Edition\browser\features\formautofill@mozilla.org.xpi
1509647118350	addons.xpi	DEBUG	Calling bootstrap method install on formautofill@mozilla.org version 1.0
1509647118350	addons.xpi-utils	DEBUG	Make addon app-system-defaults:formautofill@mozilla.org visible
1509647118350	addons.xpi	DEBUG	Updating XPIState for {"id":"formautofill@mozilla.org","syncGUID":"{9e9f7ff9-1548-4e59-90d2-409216d71c9d}","location":"app-system-defaults","version":"1.0","type":"extension","internalName":null,"updateURL":null,"updateKey":null,"optionsURL":null,"optionsType":null,"aboutURL":null,"defaultLocale":{"name":"Form Autofill","description":"Autofill forms with saved profiles","creator":null,"homepageURL":null},"visible":true,"active":false,"userDisabled":false,"appDisabled":false,"installDate":1509060020919,"updateDate":1509060020919,"applyBackgroundUpdates":1,"bootstrap":true,"path":"C:\\Program Files\\Firefox Developer Edition\\browser\\features\\formautofill@mozilla.org.xpi","skinnable":false,"size":380446,"sourceURI":null,"releaseNotesURI":null,"softDisabled":false,"foreignInstall":false,"hasBinaryComponents":false,"strictCompatibility":false,"locales":[],"targetApplications":[{"id":"{ec8030f7-c20a-464f-9b0e-13a3a9e97384}","minVersion":"57.0","maxVersion":"57.*"}],"targetPlatforms":[],"multiprocessCompatible":true,"seen":true,"dependencies":[],"hasEmbeddedWebExtension":false,"mpcOptedOut":false,"userPermissions":null,"icons":{},"iconURL":null,"icon64URL":null,"blocklistState":0,"blocklistURL":null}
1509647118350	DeferredSave.extensions.json	DEBUG	Save changes
1509647118351	addons.manager	DEBUG	Registering startup change 'installed' for onboarding@mozilla.org
1509647118351	addons.xpi	DEBUG	Loading bootstrap scope from C:\Program Files\Firefox Developer Edition\browser\features\onboarding@mozilla.org.xpi
1509647118353	addons.xpi	DEBUG	Calling bootstrap method install on onboarding@mozilla.org version 1.0
1509647118353	addons.xpi-utils	DEBUG	Make addon app-system-defaults:onboarding@mozilla.org visible
1509647118353	addons.xpi	DEBUG	Updating XPIState for {"id":"onboarding@mozilla.org","syncGUID":"{5a5c69cf-e470-4e3e-94a3-e733b5249411}","location":"app-system-defaults","version":"1.0","type":"extension","internalName":null,"updateURL":null,"updateKey":null,"optionsURL":null,"optionsType":null,"aboutURL":null,"defaultLocale":{"name":"Photon onboarding","description":"Photon onboarding","creator":null,"homepageURL":null},"visible":true,"active":false,"userDisabled":false,"appDisabled":false,"installDate":1509060020922,"updateDate":1509060020922,"applyBackgroundUpdates":1,"bootstrap":true,"path":"C:\\Program Files\\Firefox Developer Edition\\browser\\features\\onboarding@mozilla.org.xpi","skinnable":false,"size":482408,"sourceURI":null,"releaseNotesURI":null,"softDisabled":false,"foreignInstall":false,"hasBinaryComponents":false,"strictCompatibility":false,"locales":[],"targetApplications":[{"id":"{ec8030f7-c20a-464f-9b0e-13a3a9e97384}","minVersion":"57.0","maxVersion":"57.*"}],"targetPlatforms":[],"multiprocessCompatible":true,"seen":true,"dependencies":[],"hasEmbeddedWebExtension":false,"mpcOptedOut":false,"userPermissions":null,"icons":{},"iconURL":null,"icon64URL":null,"blocklistState":0,"blocklistURL":null}
1509647118353	DeferredSave.extensions.json	DEBUG	Save changes
1509647118353	addons.manager	DEBUG	Registering startup change 'installed' for screenshots@mozilla.org
1509647118353	addons.xpi	DEBUG	Loading bootstrap scope from C:\Program Files\Firefox Developer Edition\browser\features\screenshots@mozilla.org.xpi
1509647118355	addons.xpi	DEBUG	Calling bootstrap method install on screenshots@mozilla.org version 19.2.0
1509647118355	addons.xpi-utils	DEBUG	Make addon app-system-defaults:screenshots@mozilla.org visible
1509647118355	addons.xpi	DEBUG	Updating XPIState for {"id":"screenshots@mozilla.org","syncGUID":"{8232dc62-5197-4191-a7f3-226a43cbe0ca}","location":"app-system-defaults","version":"19.2.0","type":"extension","internalName":null,"updateURL":null,"updateKey":null,"optionsURL":null,"optionsType":null,"aboutURL":null,"defaultLocale":{"name":"Firefox Screenshots","description":null,"creator":null,"homepageURL":"https://screenshots.firefox.com/"},"visible":true,"active":false,"userDisabled":false,"appDisabled":false,"installDate":1509060020929,"updateDate":1509060020929,"applyBackgroundUpdates":1,"bootstrap":true,"path":"C:\\Program Files\\Firefox Developer Edition\\browser\\features\\screenshots@mozilla.org.xpi","skinnable":false,"size":884473,"sourceURI":null,"releaseNotesURI":null,"softDisabled":false,"foreignInstall":false,"hasBinaryComponents":false,"strictCompatibility":false,"locales":[],"targetApplications":[{"id":"{ec8030f7-c20a-464f-9b0e-13a3a9e97384}","minVersion":"57.0a1","maxVersion":"*"}],"targetPlatforms":[],"multiprocessCompatible":true,"seen":true,"dependencies":[],"hasEmbeddedWebExtension":false,"mpcOptedOut":false,"userPermissions":null,"icons":{},"iconURL":null,"icon64URL":null,"blocklistState":0,"blocklistURL":null}
1509647118355	DeferredSave.extensions.json	DEBUG	Save changes
1509647118355	addons.manager	DEBUG	Registering startup change 'installed' for shield-recipe-client@mozilla.org
1509647118357	addons.xpi	DEBUG	Loading bootstrap scope from C:\Program Files\Firefox Developer Edition\browser\features\shield-recipe-client@mozilla.org.xpi
1509647118358	addons.xpi	DEBUG	Calling bootstrap method install on shield-recipe-client@mozilla.org version 76
1509647118358	addons.xpi-utils	DEBUG	Make addon app-system-defaults:shield-recipe-client@mozilla.org visible
1509647118359	addons.xpi	DEBUG	Updating XPIState for {"id":"shield-recipe-client@mozilla.org","syncGUID":"{dc537b55-a12e-4b9a-8ece-a28e01fe1dc7}","location":"app-system-defaults","version":"76","type":"extension","internalName":null,"updateURL":null,"updateKey":null,"optionsURL":null,"optionsType":null,"aboutURL":null,"defaultLocale":{"name":"Shield Recipe Client","description":"Client to download and run recipes for SHIELD, Heartbeat, etc.","creator":null,"homepageURL":null},"visible":true,"active":false,"userDisabled":false,"appDisabled":false,"installDate":1509060020932,"updateDate":1509060020932,"applyBackgroundUpdates":1,"bootstrap":true,"path":"C:\\Program Files\\Firefox Developer Edition\\browser\\features\\shield-recipe-client@mozilla.org.xpi","skinnable":false,"size":360367,"sourceURI":null,"releaseNotesURI":null,"softDisabled":false,"foreignInstall":false,"hasBinaryComponents":false,"strictCompatibility":false,"locales":[],"targetApplications":[{"id":"{ec8030f7-c20a-464f-9b0e-13a3a9e97384}","minVersion":"57.0","maxVersion":"57.*"}],"targetPlatforms":[],"multiprocessCompatible":true,"seen":true,"dependencies":[],"hasEmbeddedWebExtension":false,"mpcOptedOut":false,"userPermissions":null,"icons":{},"iconURL":null,"icon64URL":null,"blocklistState":0,"blocklistURL":null}
1509647118359	DeferredSave.extensions.json	DEBUG	Save changes
1509647118359	addons.manager	DEBUG	Registering startup change 'installed' for webcompat-reporter@mozilla.org
1509647118360	addons.xpi	DEBUG	Loading bootstrap scope from C:\Program Files\Firefox Developer Edition\browser\features\webcompat-reporter@mozilla.org.xpi
1509647118362	addons.xpi	DEBUG	Calling bootstrap method install on webcompat-reporter@mozilla.org version 1.0.0
1509647118362	addons.xpi-utils	DEBUG	Make addon app-system-defaults:webcompat-reporter@mozilla.org visible
1509647118363	addons.xpi	DEBUG	Updating XPIState for {"id":"webcompat-reporter@mozilla.org","syncGUID":"{36a09857-6c22-4fd8-b649-bc5297736d2a}","location":"app-system-defaults","version":"1.0.0","type":"extension","internalName":null,"updateURL":null,"updateKey":null,"optionsURL":null,"optionsType":null,"aboutURL":null,"defaultLocale":{"name":"WebCompat Reporter","description":"Report site compatibility issues on webcompat.com.","creator":null,"homepageURL":null},"visible":true,"active":false,"userDisabled":false,"appDisabled":false,"installDate":1509060020932,"updateDate":1509060020932,"applyBackgroundUpdates":1,"bootstrap":true,"path":"C:\\Program Files\\Firefox Developer Edition\\browser\\features\\webcompat-reporter@mozilla.org.xpi","skinnable":false,"size":12159,"sourceURI":null,"releaseNotesURI":null,"softDisabled":false,"foreignInstall":false,"hasBinaryComponents":false,"strictCompatibility":false,"locales":[],"targetApplications":[{"id":"{ec8030f7-c20a-464f-9b0e-13a3a9e97384}","minVersion":"57.0","maxVersion":"57.*"}],"targetPlatforms":[],"multiprocessCompatible":true,"seen":true,"dependencies":[],"hasEmbeddedWebExtension":false,"mpcOptedOut":false,"userPermissions":null,"icons":{},"iconURL":null,"icon64URL":null,"blocklistState":0,"blocklistURL":null}
1509647118363	DeferredSave.extensions.json	DEBUG	Save changes
1509647118363	addons.manager	DEBUG	Registering startup change 'installed' for webcompat@mozilla.org
1509647118364	addons.xpi	DEBUG	Loading bootstrap scope from C:\Program Files\Firefox Developer Edition\browser\features\webcompat@mozilla.org.xpi
1509647118365	addons.xpi	DEBUG	Calling bootstrap method install on webcompat@mozilla.org version 1.1
1509647118366	addons.xpi-utils	DEBUG	Make addon app-system-defaults:webcompat@mozilla.org visible
1509647118366	addons.xpi	DEBUG	Updating XPIState for {"id":"webcompat@mozilla.org","syncGUID":"{980bdb0e-d2c2-4b8e-91c3-9f7f0670ff8c}","location":"app-system-defaults","version":"1.1","type":"extension","internalName":null,"updateURL":null,"updateKey":null,"optionsURL":null,"optionsType":null,"aboutURL":null,"defaultLocale":{"name":"Web Compat","description":"Urgent post-release fixes for web compatibility.","creator":null,"homepageURL":null},"visible":true,"active":false,"userDisabled":false,"appDisabled":false,"installDate":1509060020933,"updateDate":1509060020933,"applyBackgroundUpdates":1,"bootstrap":true,"path":"C:\\Program Files\\Firefox Developer Edition\\browser\\features\\webcompat@mozilla.org.xpi","skinnable":false,"size":9266,"sourceURI":null,"releaseNotesURI":null,"softDisabled":false,"foreignInstall":false,"hasBinaryComponents":false,"strictCompatibility":false,"locales":[],"targetApplications":[{"id":"{ec8030f7-c20a-464f-9b0e-13a3a9e97384}","minVersion":"57.0","maxVersion":"57.*"}],"targetPlatforms":[],"multiprocessCompatible":true,"seen":true,"dependencies":[],"hasEmbeddedWebExtension":false,"mpcOptedOut":false,"userPermissions":null,"icons":{},"iconURL":null,"icon64URL":null,"blocklistState":0,"blocklistURL":null}
1509647118366	DeferredSave.extensions.json	DEBUG	Save changes
1509647118367	addons.xpi-utils	DEBUG	Make addon app-global:{972ce4c6-7e08-4474-a285-3208198ce6fd} visible
1509647118367	addons.xpi	DEBUG	Updating XPIState for {"id":"{972ce4c6-7e08-4474-a285-3208198ce6fd}","syncGUID":"{6a9cf679-3c03-4861-a6c8-6b579055f99d}","location":"app-global","version":"57.0","type":"theme","internalName":"classic/1.0","updateURL":null,"updateKey":null,"optionsURL":null,"optionsType":null,"optionsBrowserStyle":null,"aboutURL":null,"defaultLocale":{"name":"Default","description":"The default theme.","creator":"Mozilla","homepageURL":null,"contributors":["Mozilla Contributors"]},"visible":true,"active":false,"userDisabled":false,"appDisabled":false,"installDate":1509060020899,"updateDate":1509060020899,"applyBackgroundUpdates":1,"path":"C:\\Program Files\\Firefox Developer Edition\\browser\\extensions\\{972ce4c6-7e08-4474-a285-3208198ce6fd}.xpi","skinnable":true,"size":3348,"sourceURI":null,"releaseNotesURI":null,"softDisabled":false,"foreignInstall":false,"hasBinaryComponents":false,"strictCompatibility":true,"locales":[],"targetApplications":[{"id":"{ec8030f7-c20a-464f-9b0e-13a3a9e97384}","minVersion":"57.0","maxVersion":"57.0"}],"targetPlatforms":[],"seen":true,"dependencies":[],"hasEmbeddedWebExtension":false,"userPermissions":null,"icons":{},"iconURL":"chrome://browser/content/default-theme-icon.svg","icon64URL":null,"blocklistState":0,"blocklistURL":null}
1509647118367	DeferredSave.extensions.json	DEBUG	Save changes
1509647118367	addons.xpi	DEBUG	Updating XPIState for {"id":"activity-stream@mozilla.org","syncGUID":"{c073dc00-9000-49ba-9a46-ee10b495b70b}","location":"app-system-defaults","version":"2017.10.05.1066-43726d35","type":"extension","internalName":null,"updateURL":null,"updateKey":null,"optionsURL":null,"optionsType":null,"aboutURL":null,"defaultLocale":{"name":"Activity Stream","description":"A rich visual history feed and a reimagined home page make it easier than ever to find exactly what you're looking for in Firefox.","creator":null,"homepageURL":null},"visible":true,"active":true,"userDisabled":false,"appDisabled":false,"installDate":1509060020908,"updateDate":1509060020908,"applyBackgroundUpdates":1,"bootstrap":true,"path":"C:\\Program Files\\Firefox Developer Edition\\browser\\features\\activity-stream@mozilla.org.xpi","skinnable":false,"size":1377595,"sourceURI":null,"releaseNotesURI":null,"softDisabled":false,"foreignInstall":false,"hasBinaryComponents":false,"strictCompatibility":false,"locales":[],"targetApplications":[{"id":"{ec8030f7-c20a-464f-9b0e-13a3a9e97384}","minVersion":"57.0","maxVersion":"57.*"}],"targetPlatforms":[],"multiprocessCompatible":true,"seen":true,"dependencies":[],"hasEmbeddedWebExtension":false,"mpcOptedOut":false,"userPermissions":null,"icons":{},"iconURL":null,"icon64URL":null,"blocklistState":0,"blocklistURL":null}
1509647118367	addons.xpi	DEBUG	Updating XPIState for {"id":"aushelper@mozilla.org","syncGUID":"{a55f6930-7140-4699-8ba7-61ad0c084ca6}","location":"app-system-defaults","version":"2.0","type":"extension","internalName":null,"updateURL":null,"updateKey":null,"optionsURL":null,"optionsType":null,"aboutURL":null,"defaultLocale":{"name":"Application Update Service Helper","description":"Sets value(s) in the update url based on custom checks.","creator":null,"homepageURL":null},"visible":true,"active":true,"userDisabled":false,"appDisabled":false,"installDate":1509060020909,"updateDate":1509060020909,"applyBackgroundUpdates":1,"bootstrap":true,"path":"C:\\Program Files\\Firefox Developer Edition\\browser\\features\\aushelper@mozilla.org.xpi","skinnable":false,"size":8486,"sourceURI":null,"releaseNotesURI":null,"softDisabled":false,"foreignInstall":false,"hasBinaryComponents":false,"strictCompatibility":false,"locales":[],"targetApplications":[{"id":"{ec8030f7-c20a-464f-9b0e-13a3a9e97384}","minVersion":"57.0","maxVersion":"57.*"}],"targetPlatforms":[],"multiprocessCompatible":true,"seen":true,"dependencies":[],"hasEmbeddedWebExtension":false,"mpcOptedOut":false,"userPermissions":null,"icons":{},"iconURL":null,"icon64URL":null,"blocklistState":0,"blocklistURL":null}
1509647118367	addons.xpi	DEBUG	Updating XPIState for {"id":"e10srollout@mozilla.org","syncGUID":"{26b16e43-0bdb-491f-9e29-6302d07cb654}","location":"app-system-defaults","version":"3.05","type":"extension","internalName":null,"updateURL":null,"updateKey":null,"optionsURL":null,"optionsType":null,"aboutURL":null,"defaultLocale":{"name":"Multi-process staged rollout","description":"Staged rollout of Firefox multi-process feature.","creator":null,"homepageURL":null},"visible":true,"active":true,"userDisabled":false,"appDisabled":false,"installDate":1509060020909,"updateDate":1509060020909,"applyBackgroundUpdates":1,"bootstrap":true,"path":"C:\\Program Files\\Firefox Developer Edition\\browser\\features\\e10srollout@mozilla.org.xpi","skinnable":false,"size":13477,"sourceURI":null,"releaseNotesURI":null,"softDisabled":false,"foreignInstall":false,"hasBinaryComponents":false,"strictCompatibility":false,"locales":[],"targetApplications":[{"id":"{ec8030f7-c20a-464f-9b0e-13a3a9e97384}","minVersion":"57.0","maxVersion":"57.*"}],"targetPlatforms":[],"multiprocessCompatible":true,"seen":true,"dependencies":[],"hasEmbeddedWebExtension":false,"mpcOptedOut":false,"userPermissions":null,"icons":{},"iconURL":null,"icon64URL":null,"blocklistState":0,"blocklistURL":null}
1509647118367	addons.xpi	DEBUG	Updating XPIState for {"id":"firefox@getpocket.com","syncGUID":"{84ee216d-e82c-44ed-b485-753d39a5162f}","location":"app-system-defaults","version":"1.0.5","type":"extension","internalName":null,"updateURL":null,"updateKey":null,"optionsURL":null,"optionsType":null,"aboutURL":null,"defaultLocale":{"name":"Pocket","description":"When you find something you want to view later, put it in Pocket.","creator":null,"homepageURL":null},"visible":true,"active":true,"userDisabled":false,"appDisabled":false,"installDate":1509060020915,"updateDate":1509060020915,"applyBackgroundUpdates":1,"bootstrap":true,"path":"C:\\Program Files\\Firefox Developer Edition\\browser\\features\\firefox@getpocket.com.xpi","skinnable":false,"size":914806,"sourceURI":null,"releaseNotesURI":null,"softDisabled":false,"foreignInstall":false,"hasBinaryComponents":false,"strictCompatibility":false,"locales":[],"targetApplications":[{"id":"{ec8030f7-c20a-464f-9b0e-13a3a9e97384}","minVersion":"57.0","maxVersion":"57.*"}],"targetPlatforms":[],"multiprocessCompatible":true,"seen":true,"dependencies":[],"hasEmbeddedWebExtension":false,"mpcOptedOut":false,"userPermissions":null,"icons":{},"iconURL":null,"icon64URL":null,"blocklistState":0,"blocklistURL":null}
1509647118367	addons.xpi	DEBUG	Updating XPIState for {"id":"followonsearch@mozilla.com","syncGUID":"{f80bebcb-376b-43b9-b46f-4bdb40eb4831}","location":"app-system-defaults","version":"0.9.6","type":"extension","internalName":null,"updateURL":null,"updateKey":null,"optionsURL":null,"optionsType":null,"aboutURL":null,"defaultLocale":{"name":"Follow-on Search Telemetry","description":null,"creator":null,"homepageURL":null},"visible":true,"active":true,"userDisabled":false,"appDisabled":false,"installDate":1509060020916,"updateDate":1509060020916,"applyBackgroundUpdates":1,"bootstrap":true,"path":"C:\\Program Files\\Firefox Developer Edition\\browser\\features\\followonsearch@mozilla.com.xpi","skinnable":false,"size":18625,"sourceURI":null,"releaseNotesURI":null,"softDisabled":false,"foreignInstall":false,"hasBinaryComponents":false,"strictCompatibility":false,"locales":[],"targetApplications":[{"id":"{ec8030f7-c20a-464f-9b0e-13a3a9e97384}","minVersion":"52.0","maxVersion":"59.*"}],"targetPlatforms":[],"multiprocessCompatible":true,"seen":true,"dependencies":[],"hasEmbeddedWebExtension":false,"mpcOptedOut":false,"userPermissions":null,"icons":{},"iconURL":null,"icon64URL":null,"blocklistState":0,"blocklistURL":null}
1509647118368	addons.xpi	DEBUG	Updating XPIState for {"id":"formautofill@mozilla.org","syncGUID":"{9e9f7ff9-1548-4e59-90d2-409216d71c9d}","location":"app-system-defaults","version":"1.0","type":"extension","internalName":null,"updateURL":null,"updateKey":null,"optionsURL":null,"optionsType":null,"aboutURL":null,"defaultLocale":{"name":"Form Autofill","description":"Autofill forms with saved profiles","creator":null,"homepageURL":null},"visible":true,"active":true,"userDisabled":false,"appDisabled":false,"installDate":1509060020919,"updateDate":1509060020919,"applyBackgroundUpdates":1,"bootstrap":true,"path":"C:\\Program Files\\Firefox Developer Edition\\browser\\features\\formautofill@mozilla.org.xpi","skinnable":false,"size":380446,"sourceURI":null,"releaseNotesURI":null,"softDisabled":false,"foreignInstall":false,"hasBinaryComponents":false,"strictCompatibility":false,"locales":[],"targetApplications":[{"id":"{ec8030f7-c20a-464f-9b0e-13a3a9e97384}","minVersion":"57.0","maxVersion":"57.*"}],"targetPlatforms":[],"multiprocessCompatible":true,"seen":true,"dependencies":[],"hasEmbeddedWebExtension":false,"mpcOptedOut":false,"userPermissions":null,"icons":{},"iconURL":null,"icon64URL":null,"blocklistState":0,"blocklistURL":null}
1509647118368	addons.xpi	DEBUG	Updating XPIState for {"id":"onboarding@mozilla.org","syncGUID":"{5a5c69cf-e470-4e3e-94a3-e733b5249411}","location":"app-system-defaults","version":"1.0","type":"extension","internalName":null,"updateURL":null,"updateKey":null,"optionsURL":null,"optionsType":null,"aboutURL":null,"defaultLocale":{"name":"Photon onboarding","description":"Photon onboarding","creator":null,"homepageURL":null},"visible":true,"active":true,"userDisabled":false,"appDisabled":false,"installDate":1509060020922,"updateDate":1509060020922,"applyBackgroundUpdates":1,"bootstrap":true,"path":"C:\\Program Files\\Firefox Developer Edition\\browser\\features\\onboarding@mozilla.org.xpi","skinnable":false,"size":482408,"sourceURI":null,"releaseNotesURI":null,"softDisabled":false,"foreignInstall":false,"hasBinaryComponents":false,"strictCompatibility":false,"locales":[],"targetApplications":[{"id":"{ec8030f7-c20a-464f-9b0e-13a3a9e97384}","minVersion":"57.0","maxVersion":"57.*"}],"targetPlatforms":[],"multiprocessCompatible":true,"seen":true,"dependencies":[],"hasEmbeddedWebExtension":false,"mpcOptedOut":false,"userPermissions":null,"icons":{},"iconURL":null,"icon64URL":null,"blocklistState":0,"blocklistURL":null}
1509647118368	addons.xpi	DEBUG	Updating XPIState for {"id":"screenshots@mozilla.org","syncGUID":"{8232dc62-5197-4191-a7f3-226a43cbe0ca}","location":"app-system-defaults","version":"19.2.0","type":"extension","internalName":null,"updateURL":null,"updateKey":null,"optionsURL":null,"optionsType":null,"aboutURL":null,"defaultLocale":{"name":"Firefox Screenshots","description":null,"creator":null,"homepageURL":"https://screenshots.firefox.com/"},"visible":true,"active":true,"userDisabled":false,"appDisabled":false,"installDate":1509060020929,"updateDate":1509060020929,"applyBackgroundUpdates":1,"bootstrap":true,"path":"C:\\Program Files\\Firefox Developer Edition\\browser\\features\\screenshots@mozilla.org.xpi","skinnable":false,"size":884473,"sourceURI":null,"releaseNotesURI":null,"softDisabled":false,"foreignInstall":false,"hasBinaryComponents":false,"strictCompatibility":false,"locales":[],"targetApplications":[{"id":"{ec8030f7-c20a-464f-9b0e-13a3a9e97384}","minVersion":"57.0a1","maxVersion":"*"}],"targetPlatforms":[],"multiprocessCompatible":true,"seen":true,"dependencies":[],"hasEmbeddedWebExtension":false,"mpcOptedOut":false,"userPermissions":null,"icons":{},"iconURL":null,"icon64URL":null,"blocklistState":0,"blocklistURL":null}
1509647118368	addons.xpi	DEBUG	Updating XPIState for {"id":"shield-recipe-client@mozilla.org","syncGUID":"{dc537b55-a12e-4b9a-8ece-a28e01fe1dc7}","location":"app-system-defaults","version":"76","type":"extension","internalName":null,"updateURL":null,"updateKey":null,"optionsURL":null,"optionsType":null,"aboutURL":null,"defaultLocale":{"name":"Shield Recipe Client","description":"Client to download and run recipes for SHIELD, Heartbeat, etc.","creator":null,"homepageURL":null},"visible":true,"active":true,"userDisabled":false,"appDisabled":false,"installDate":1509060020932,"updateDate":1509060020932,"applyBackgroundUpdates":1,"bootstrap":true,"path":"C:\\Program Files\\Firefox Developer Edition\\browser\\features\\shield-recipe-client@mozilla.org.xpi","skinnable":false,"size":360367,"sourceURI":null,"releaseNotesURI":null,"softDisabled":false,"foreignInstall":false,"hasBinaryComponents":false,"strictCompatibility":false,"locales":[],"targetApplications":[{"id":"{ec8030f7-c20a-464f-9b0e-13a3a9e97384}","minVersion":"57.0","maxVersion":"57.*"}],"targetPlatforms":[],"multiprocessCompatible":true,"seen":true,"dependencies":[],"hasEmbeddedWebExtension":false,"mpcOptedOut":false,"userPermissions":null,"icons":{},"iconURL":null,"icon64URL":null,"blocklistState":0,"blocklistURL":null}
1509647118368	addons.xpi	DEBUG	Updating XPIState for {"id":"webcompat-reporter@mozilla.org","syncGUID":"{36a09857-6c22-4fd8-b649-bc5297736d2a}","location":"app-system-defaults","version":"1.0.0","type":"extension","internalName":null,"updateURL":null,"updateKey":null,"optionsURL":null,"optionsType":null,"aboutURL":null,"defaultLocale":{"name":"WebCompat Reporter","description":"Report site compatibility issues on webcompat.com.","creator":null,"homepageURL":null},"visible":true,"active":true,"userDisabled":false,"appDisabled":false,"installDate":1509060020932,"updateDate":1509060020932,"applyBackgroundUpdates":1,"bootstrap":true,"path":"C:\\Program Files\\Firefox Developer Edition\\browser\\features\\webcompat-reporter@mozilla.org.xpi","skinnable":false,"size":12159,"sourceURI":null,"releaseNotesURI":null,"softDisabled":false,"foreignInstall":false,"hasBinaryComponents":false,"strictCompatibility":false,"locales":[],"targetApplications":[{"id":"{ec8030f7-c20a-464f-9b0e-13a3a9e97384}","minVersion":"57.0","maxVersion":"57.*"}],"targetPlatforms":[],"multiprocessCompatible":true,"seen":true,"dependencies":[],"hasEmbeddedWebExtension":false,"mpcOptedOut":false,"userPermissions":null,"icons":{},"iconURL":null,"icon64URL":null,"blocklistState":0,"blocklistURL":null}
1509647118368	addons.xpi	DEBUG	Updating XPIState for {"id":"webcompat@mozilla.org","syncGUID":"{980bdb0e-d2c2-4b8e-91c3-9f7f0670ff8c}","location":"app-system-defaults","version":"1.1","type":"extension","internalName":null,"updateURL":null,"updateKey":null,"optionsURL":null,"optionsType":null,"aboutURL":null,"defaultLocale":{"name":"Web Compat","description":"Urgent post-release fixes for web compatibility.","creator":null,"homepageURL":null},"visible":true,"active":true,"userDisabled":false,"appDisabled":false,"installDate":1509060020933,"updateDate":1509060020933,"applyBackgroundUpdates":1,"bootstrap":true,"path":"C:\\Program Files\\Firefox Developer Edition\\browser\\features\\webcompat@mozilla.org.xpi","skinnable":false,"size":9266,"sourceURI":null,"releaseNotesURI":null,"softDisabled":false,"foreignInstall":false,"hasBinaryComponents":false,"strictCompatibility":false,"locales":[],"targetApplications":[{"id":"{ec8030f7-c20a-464f-9b0e-13a3a9e97384}","minVersion":"57.0","maxVersion":"57.*"}],"targetPlatforms":[],"multiprocessCompatible":true,"seen":true,"dependencies":[],"hasEmbeddedWebExtension":false,"mpcOptedOut":false,"userPermissions":null,"icons":{},"iconURL":null,"icon64URL":null,"blocklistState":0,"blocklistURL":null}
1509647118368	addons.xpi	DEBUG	Updating XPIState for {"id":"{972ce4c6-7e08-4474-a285-3208198ce6fd}","syncGUID":"{6a9cf679-3c03-4861-a6c8-6b579055f99d}","location":"app-global","version":"57.0","type":"theme","internalName":"classic/1.0","updateURL":null,"updateKey":null,"optionsURL":null,"optionsType":null,"optionsBrowserStyle":null,"aboutURL":null,"defaultLocale":{"name":"Default","description":"The default theme.","creator":"Mozilla","homepageURL":null,"contributors":["Mozilla Contributors"]},"visible":true,"active":true,"userDisabled":false,"appDisabled":false,"installDate":1509060020899,"updateDate":1509060020899,"applyBackgroundUpdates":1,"path":"C:\\Program Files\\Firefox Developer Edition\\browser\\extensions\\{972ce4c6-7e08-4474-a285-3208198ce6fd}.xpi","skinnable":true,"size":3348,"sourceURI":null,"releaseNotesURI":null,"softDisabled":false,"foreignInstall":false,"hasBinaryComponents":false,"strictCompatibility":true,"locales":[],"targetApplications":[{"id":"{ec8030f7-c20a-464f-9b0e-13a3a9e97384}","minVersion":"57.0","maxVersion":"57.0"}],"targetPlatforms":[],"seen":true,"dependencies":[],"hasEmbeddedWebExtension":false,"userPermissions":null,"icons":{},"iconURL":"chrome://browser/content/default-theme-icon.svg","icon64URL":null,"blocklistState":0,"blocklistURL":null}
1509647118368	DeferredSave.extensions.json	DEBUG	Save changes
1509647118368	addons.xpi	DEBUG	Updating database with changes to installed add-ons
1509647118368	addons.xpi-utils	DEBUG	Updating add-on states
1509647118372	addons.xpi	DEBUG	Registering manifest for C:\Program Files\Firefox Developer Edition\browser\features\activity-stream@mozilla.org.xpi
1509647118372	addons.xpi	DEBUG	Calling bootstrap method startup on activity-stream@mozilla.org version 2017.10.05.1066-43726d35
1509647118373	addons.xpi	DEBUG	Registering manifest for C:\Program Files\Firefox Developer Edition\browser\features\aushelper@mozilla.org.xpi
1509647118373	addons.xpi	DEBUG	Calling bootstrap method startup on aushelper@mozilla.org version 2.0
1509647118374	addons.xpi	DEBUG	Registering manifest for C:\Program Files\Firefox Developer Edition\browser\features\e10srollout@mozilla.org.xpi
1509647118374	addons.xpi	DEBUG	Calling bootstrap method startup on e10srollout@mozilla.org version 3.05
1509647118375	addons.xpi	DEBUG	Registering manifest for C:\Program Files\Firefox Developer Edition\browser\features\firefox@getpocket.com.xpi
1509647118375	addons.xpi	DEBUG	Calling bootstrap method startup on firefox@getpocket.com version 1.0.5
1509647118383	addons.xpi	DEBUG	Registering manifest for C:\Program Files\Firefox Developer Edition\browser\features\followonsearch@mozilla.com.xpi
1509647118384	addons.xpi	DEBUG	Calling bootstrap method startup on followonsearch@mozilla.com version 0.9.6
1509647118384	addons.xpi	DEBUG	Registering manifest for C:\Program Files\Firefox Developer Edition\browser\features\formautofill@mozilla.org.xpi
1509647118385	addons.xpi	DEBUG	Calling bootstrap method startup on formautofill@mozilla.org version 1.0
1509647118385	addons.xpi	DEBUG	Registering manifest for C:\Program Files\Firefox Developer Edition\browser\features\onboarding@mozilla.org.xpi
1509647118385	addons.xpi	DEBUG	Calling bootstrap method startup on onboarding@mozilla.org version 1.0
1509647118385	addons.xpi	DEBUG	Registering manifest for C:\Program Files\Firefox Developer Edition\browser\features\screenshots@mozilla.org.xpi
1509647118386	addons.xpi	DEBUG	Calling bootstrap method startup on screenshots@mozilla.org version 19.2.0
1509647118386	addons.xpi	DEBUG	Registering manifest for C:\Program Files\Firefox Developer Edition\browser\features\shield-recipe-client@mozilla.org.xpi
1509647118386	addons.xpi	DEBUG	Calling bootstrap method startup on shield-recipe-client@mozilla.org version 76
1509647118390	addons.xpi	DEBUG	Registering manifest for C:\Program Files\Firefox Developer Edition\browser\features\webcompat-reporter@mozilla.org.xpi
1509647118391	addons.xpi	DEBUG	Calling bootstrap method startup on webcompat-reporter@mozilla.org version 1.0.0
1509647118391	addons.xpi	DEBUG	Registering manifest for C:\Program Files\Firefox Developer Edition\browser\features\webcompat@mozilla.org.xpi
1509647118392	addons.xpi	DEBUG	Calling bootstrap method startup on webcompat@mozilla.org version 1.1
1509647118393	addons.manager	DEBUG	Registering shutdown blocker for XPIProvider
1509647118393	addons.manager	DEBUG	Provider finished startup: XPIProvider
1509647118393	addons.manager	DEBUG	Starting provider: LightweightThemeManager
1509647118393	addons.manager	DEBUG	Registering shutdown blocker for LightweightThemeManager
1509647118393	addons.manager	DEBUG	Provider finished startup: LightweightThemeManager
1509647118394	addons.manager	DEBUG	Starting provider: GMPProvider
1509647118400	addons.manager	DEBUG	Registering shutdown blocker for GMPProvider
1509647118400	addons.manager	DEBUG	Provider finished startup: GMPProvider
1509647118400	addons.manager	DEBUG	Starting provider: PluginProvider
1509647118400	addons.manager	DEBUG	Registering shutdown blocker for PluginProvider
1509647118400	addons.manager	DEBUG	Provider finished startup: PluginProvider
1509647118401	addons.manager	DEBUG	Completed startup sequence
1509647118586	Marionette	INFO	Enabled via --marionette
1509647118709	addons.manager	DEBUG	Starting provider: PreviousExperimentProvider
1509647118710	addons.manager	DEBUG	Registering shutdown blocker for PreviousExperimentProvider
1509647118710	addons.manager	DEBUG	Provider finished startup: PreviousExperimentProvider
1509647118923	DeferredSave.extensions.json	DEBUG	Starting write
Unable to read VR Path Registry from C:\Users\Travis\AppData\Local\openvr\openvrpaths.vrpath
[Child 12540, Chrome_ChildThread] WARNING: pipe error: 109: file z:/build/build/src/ipc/chromium/src/chrome/common/ipc_channel_win.cc, line 346
[Child 12540, Chrome_ChildThread] WARNING: pipe error: 109: file z:/build/build/src/ipc/chromium/src/chrome/common/ipc_channel_win.cc, line 346
1509647120087	DeferredSave.webext.sc.lz4	DEBUG	Save changes
1509647120087	DeferredSave.webext.sc.lz4	DEBUG	Starting timer
1509647120098	DeferredSave.webext.sc.lz4	DEBUG	Save changes
1509647120111	DeferredSave.webext.sc.lz4	DEBUG	Save changes
1509647120112	DeferredSave.webext.sc.lz4	DEBUG	Save changes
1509647120112	DeferredSave.webext.sc.lz4	DEBUG	Save changes
1509647120112	DeferredSave.webext.sc.lz4	DEBUG	Save changes
1509647120114	DeferredSave.webext.sc.lz4	DEBUG	Save changes
1509647120115	DeferredSave.webext.sc.lz4	DEBUG	Save changes
1509647120116	DeferredSave.webext.sc.lz4	DEBUG	Save changes
1509647120116	DeferredSave.webext.sc.lz4	DEBUG	Save changes
1509647120117	DeferredSave.webext.sc.lz4	DEBUG	Save changes
1509647120117	DeferredSave.webext.sc.lz4	DEBUG	Save changes
1509647120118	DeferredSave.webext.sc.lz4	DEBUG	Save changes
1509647120118	DeferredSave.webext.sc.lz4	DEBUG	Save changes
1509647120119	DeferredSave.webext.sc.lz4	DEBUG	Save changes
1509647120119	DeferredSave.webext.sc.lz4	DEBUG	Save changes
1509647120120	DeferredSave.webext.sc.lz4	DEBUG	Save changes
1509647120121	DeferredSave.webext.sc.lz4	DEBUG	Save changes
1509647120121	DeferredSave.webext.sc.lz4	DEBUG	Save changes
1509647120122	DeferredSave.webext.sc.lz4	DEBUG	Save changes
1509647120122	DeferredSave.webext.sc.lz4	DEBUG	Save changes
1509647120123	DeferredSave.webext.sc.lz4	DEBUG	Save changes
1509647120123	DeferredSave.webext.sc.lz4	DEBUG	Save changes
1509647120124	DeferredSave.webext.sc.lz4	DEBUG	Save changes
1509647120126	DeferredSave.webext.sc.lz4	DEBUG	Save changes
1509647120126	DeferredSave.webext.sc.lz4	DEBUG	Save changes
1509647120127	DeferredSave.webext.sc.lz4	DEBUG	Save changes
1509647120127	DeferredSave.webext.sc.lz4	DEBUG	Save changes
1509647120128	DeferredSave.webext.sc.lz4	DEBUG	Save changes
1509647120128	DeferredSave.webext.sc.lz4	DEBUG	Save changes
1509647120128	DeferredSave.webext.sc.lz4	DEBUG	Save changes
1509647120129	DeferredSave.webext.sc.lz4	DEBUG	Save changes
1509647120130	DeferredSave.webext.sc.lz4	DEBUG	Save changes
1509647120131	DeferredSave.webext.sc.lz4	DEBUG	Save changes
1509647120132	DeferredSave.webext.sc.lz4	DEBUG	Save changes
1509647120133	DeferredSave.webext.sc.lz4	DEBUG	Save changes
1509647120133	DeferredSave.webext.sc.lz4	DEBUG	Save changes
1509647120134	DeferredSave.webext.sc.lz4	DEBUG	Save changes
1509647120135	DeferredSave.webext.sc.lz4	DEBUG	Save changes
1509647120135	DeferredSave.webext.sc.lz4	DEBUG	Save changes
1509647120135	DeferredSave.webext.sc.lz4	DEBUG	Save changes
1509647120136	DeferredSave.webext.sc.lz4	DEBUG	Save changes
1509647120137	DeferredSave.webext.sc.lz4	DEBUG	Save changes
1509647120139	DeferredSave.webext.sc.lz4	DEBUG	Save changes
1509647120140	DeferredSave.webext.sc.lz4	DEBUG	Save changes
1509647120141	DeferredSave.webext.sc.lz4	DEBUG	Save changes
1509647120142	DeferredSave.webext.sc.lz4	DEBUG	Save changes
1509647120142	DeferredSave.webext.sc.lz4	DEBUG	Save changes
1509647120143	DeferredSave.webext.sc.lz4	DEBUG	Save changes
1509647120146	DeferredSave.webext.sc.lz4	DEBUG	Save changes
1509647120146	DeferredSave.webext.sc.lz4	DEBUG	Save changes
1509647120149	DeferredSave.webext.sc.lz4	DEBUG	Save changes
1509647120152	DeferredSave.extensions.json	DEBUG	Write succeeded
1509647120152	addons.xpi-utils	DEBUG	XPI Database saved, setting schema version preference to 23
1509647120155	DeferredSave.webext.sc.lz4	DEBUG	Save changes
1509647120412	DeferredSave.webext.sc.lz4	DEBUG	Save changes
1509647120413	DeferredSave.webext.sc.lz4	DEBUG	Save changes
1509647120675	addons.xpi	INFO	Mapping activity-stream@mozilla.org to C:\Program Files\Firefox Developer Edition\browser\features\activity-stream@mozilla.org.xpi
1509647120675	addons.xpi	INFO	Mapping aushelper@mozilla.org to C:\Program Files\Firefox Developer Edition\browser\features\aushelper@mozilla.org.xpi
1509647120675	addons.xpi	INFO	Mapping e10srollout@mozilla.org to C:\Program Files\Firefox Developer Edition\browser\features\e10srollout@mozilla.org.xpi
1509647120675	addons.xpi	INFO	Mapping firefox@getpocket.com to C:\Program Files\Firefox Developer Edition\browser\features\firefox@getpocket.com.xpi
1509647120675	addons.xpi	INFO	Mapping followonsearch@mozilla.com to C:\Program Files\Firefox Developer Edition\browser\features\followonsearch@mozilla.com.xpi
1509647120675	addons.xpi	INFO	Mapping formautofill@mozilla.org to C:\Program Files\Firefox Developer Edition\browser\features\formautofill@mozilla.org.xpi
1509647120675	addons.xpi	INFO	Mapping onboarding@mozilla.org to C:\Program Files\Firefox Developer Edition\browser\features\onboarding@mozilla.org.xpi
1509647120675	addons.xpi	INFO	Mapping screenshots@mozilla.org to C:\Program Files\Firefox Developer Edition\browser\features\screenshots@mozilla.org.xpi
1509647120675	addons.xpi	INFO	Mapping shield-recipe-client@mozilla.org to C:\Program Files\Firefox Developer Edition\browser\features\shield-recipe-client@mozilla.org.xpi
1509647120675	addons.xpi	INFO	Mapping webcompat-reporter@mozilla.org to C:\Program Files\Firefox Developer Edition\browser\features\webcompat-reporter@mozilla.org.xpi
1509647120676	addons.xpi	INFO	Mapping webcompat@mozilla.org to C:\Program Files\Firefox Developer Edition\browser\features\webcompat@mozilla.org.xpi
1509647120676	addons.xpi	DEBUG	Existing add-on activity-stream@mozilla.org in app-system-defaults
1509647120676	addons.xpi	DEBUG	Existing add-on aushelper@mozilla.org in app-system-defaults
1509647120676	addons.xpi	DEBUG	Existing add-on e10srollout@mozilla.org in app-system-defaults
1509647120676	addons.xpi	DEBUG	Existing add-on firefox@getpocket.com in app-system-defaults
1509647120677	addons.xpi	DEBUG	Existing add-on followonsearch@mozilla.com in app-system-defaults
1509647120677	addons.xpi	DEBUG	Existing add-on formautofill@mozilla.org in app-system-defaults
1509647120677	addons.xpi	DEBUG	Existing add-on onboarding@mozilla.org in app-system-defaults
1509647120677	addons.xpi	DEBUG	Existing add-on screenshots@mozilla.org in app-system-defaults
1509647120677	addons.xpi	DEBUG	Existing add-on shield-recipe-client@mozilla.org in app-system-defaults
1509647120678	addons.xpi	DEBUG	Existing add-on webcompat-reporter@mozilla.org in app-system-defaults
1509647120678	addons.xpi	DEBUG	Existing add-on webcompat@mozilla.org in app-system-defaults
1509647120678	addons.xpi	INFO	Mapping {972ce4c6-7e08-4474-a285-3208198ce6fd} to C:\Program Files\Firefox Developer Edition\browser\extensions\{972ce4c6-7e08-4474-a285-3208198ce6fd}.xpi
1509647120678	addons.xpi	DEBUG	Existing add-on {972ce4c6-7e08-4474-a285-3208198ce6fd} in app-global
1509647120678	addons.xpi	DEBUG	getInstallState changed: false, state: {}
1509647121275	Marionette	INFO	Listening on port 54555
1509647121629	Marionette	WARN	TLS certificate errors will be ignored for this session
1509647121680	Marionette	DEBUG	Register listener.js for window 4294967297
1509647122149	Marionette	DEBUG	Received DOM event "beforeunload" for "about:blank"
1509647122646	Marionette	DEBUG	Received DOM event "pagehide" for "about:blank"
1509647122646	Marionette	DEBUG	Received DOM event "unload" for "about:blank"
1509647124473	Marionette	DEBUG	Received DOM event "DOMContentLoaded" for "https://staging-app.deeperdeals.com/#!/auth/login"
1509647124846	Marionette	DEBUG	Received DOM event "pageshow" for "https://staging-app.deeperdeals.com/#!/auth/login"
1509647125090	DeferredSave.webext.sc.lz4	DEBUG	Starting write
1509647125111	DeferredSave.webext.sc.lz4	DEBUG	Write succeeded
1509647130697	Marionette	DEBUG	Canceled page load listener because no navigation has been detected
1509647131074	Marionette	DEBUG	Canceled page load listener because no navigation has been detected
1509647137191	addons.xpi	DEBUG	Calling bootstrap method shutdown on webcompat@mozilla.org version 1.1
1509647137191	addons.xpi	DEBUG	Calling bootstrap method shutdown on webcompat-reporter@mozilla.org version 1.0.0
1509647137191	addons.xpi	DEBUG	Calling bootstrap method shutdown on shield-recipe-client@mozilla.org version 76
1509647137193	addons.xpi	DEBUG	Calling bootstrap method shutdown on screenshots@mozilla.org version 19.2.0
1509647137196	addons.xpi	DEBUG	Calling bootstrap method shutdown on onboarding@mozilla.org version 1.0
1509647137197	addons.xpi	DEBUG	Calling bootstrap method shutdown on formautofill@mozilla.org version 1.0
1509647137197	addons.xpi	DEBUG	Calling bootstrap method shutdown on followonsearch@mozilla.com version 0.9.6
1509647137198	addons.xpi	DEBUG	Calling bootstrap method shutdown on firefox@getpocket.com version 1.0.5
1509647137198	addons.xpi	DEBUG	Calling bootstrap method shutdown on e10srollout@mozilla.org version 3.05
1509647137199	addons.xpi	DEBUG	Calling bootstrap method shutdown on aushelper@mozilla.org version 2.0
1509647137200	addons.xpi	DEBUG	Calling bootstrap method shutdown on activity-stream@mozilla.org version 2017.10.05.1066-43726d35
Unable to read VR Path Registry from C:\Users\Travis\AppData\Local\openvr\openvrpaths.vrpath
[Parent 14280, Gecko_IOThread] WARNING: pipe error: 109: file z:/build/build/src/ipc/chromium/src/chrome/common/ipc_channel_win.cc, line 346
[GFX1-]: Receive IPC close with reason=AbnormalShutdown
[GFX1-]: Receive IPC close with reason=AbnormalShutdown

1509646833846	addons.xpi	DEBUG	Calling bootstrap method shutdown on e10srollout@mozilla.org version 3.05
1509646833846	addons.xpi	DEBUG	Calling bootstrap method shutdown on aushelper@mozilla.org version 2.0
1509646833847	addons.xpi	DEBUG	Calling bootstrap method shutdown on activity-stream@mozilla.org version 2017.10.05.1066-43726d35
[GFX1-]: Receive IPC close with reason=AbnormalShutdown
 76
1509549357933	addons.xpi	DEBUG	Calling bootstrap method shutdown on screenshots@mozilla.org version 19.2.0
1509549357937	addons.xpi	DEBUG	Calling bootstrap method shutdown on onboarding@mozilla.org version 1.0
1509549357937	addons.xpi	DEBUG	Calling bootstrap method shutdown on formautofill@mozilla.org version 1.0
1509549357938	addons.xpi	DEBUG	Calling bootstrap method shutdown on followonsearch@mozilla.com version 0.9.6
1509549357938	addons.xpi	DEBUG	Calling bootstrap method shutdown on firefox@getpocket.com version 1.0.5
1509549357938	addons.xpi	DEBUG	Calling bootstrap method shutdown on e10srollout@mozilla.org version 3.05
1509549357938	addons.xpi	DEBUG	Calling bootstrap method shutdown on aushelper@mozilla.org version 2.0
1509549357939	addons.xpi	DEBUG	Calling bootstrap method shutdown on activity-stream@mozilla.org version 2017.10.05.1066-43726d35
::marionette	ERROR	Failed to kill browser process
 (msgtype=0x720003,name=PTexture::Msg_Destroy) Channel error: cannot send/recv


###!!! [Child][MessageChannel] Error: (msgtype=0x720003,name=PTexture::Msg_Destroy) Channel error: cannot send/recv


###!!! [Child][MessageChannel] Error: (msgtype=0x470007,name=PLayerTransaction::Msg_ReleaseCompositable) Channel error: cannot send/recv


###!!! [Child][MessageChannel] Error: (msgtype=0x720003,name=PTexture::Msg_Destroy) Channel error: cannot send/recv


###!!! [Child][MessageChannel] Error: (msgtype=0x720003,name=PTexture::Msg_Destroy) Channel error: cannot send/recv


###!!! [Child][MessageChannel] Error: (msgtype=0x470007,name=PLayerTransaction::Msg_ReleaseCompositable) Channel error: cannot send/recv


###!!! [Child][MessageChannel] Error: (msgtype=0x720003,name=PTexture::Msg_Destroy) Channel error: cannot send/recv


###!!! [Child][MessageChannel] Error: (msgtype=0x720003,name=PTexture::Msg_Destroy) Channel error: cannot send/recv


###!!! [Child][MessageChannel] Error: (msgtype=0x470007,name=PLayerTransaction::Msg_ReleaseCompositable) Channel error: cannot send/recv


###!!! [Child][MessageChannel] Error: (msgtype=0x720003,name=PTexture::Msg_Destroy) Channel error: cannot send/recv


###!!! [Child][MessageChannel] Error: (msgtype=0x720003,name=PTexture::Msg_Destroy) Channel error: cannot send/recv


###!!! [Child][MessageChannel] Error: (msgtype=0x470007,name=PLayerTransaction::Msg_ReleaseCompositable) Channel error: cannot send/recv


###!!! [Child][MessageChannel] Error: (msgtype=0x720003,name=PTexture::Msg_Destroy) Channel error: cannot send/recv


###!!! [Child][MessageChannel] Error: (msgtype=0x720003,name=PTexture::Msg_Destroy) Channel error: cannot send/recv


###!!! [Child][MessageChannel] Error: (msgtype=0x470007,name=PLayerTransaction::Msg_ReleaseCompositable) Channel error: cannot send/recv


###!!! [Child][MessageChannel] Error: (msgtype=0x470006,name=PLayerTransaction::Msg_ReleaseLayer) Channel error: cannot send/recv


###!!! [Child][MessageChannel] Error: (msgtype=0x470006,name=PLayerTransaction::Msg_ReleaseLayer) Channel error: cannot send/recv


###!!! [Child][MessageChannel] Error: (msgtype=0x470006,name=PLayerTransaction::Msg_ReleaseLayer) Channel error: cannot send/recv


###!!! [Child][MessageChannel] Error: (msgtype=0x470006,name=PLayerTransaction::Msg_ReleaseLayer) Channel error: cannot send/recv


###!!! [Child][MessageChannel] Error: (msgtype=0x470006,name=PLayerTransaction::Msg_ReleaseLayer) Channel error: cannot send/recv


###!!! [Child][MessageChannel] Error: (msgtype=0x470006,name=PLayerTransaction::Msg_ReleaseLayer) Channel error: cannot send/recv


###!!! [Child][MessageChannel] Error: (msgtype=0x470006,name=PLayerTransaction::Msg_ReleaseLayer) Channel error: cannot send/recv


###!!! [Child][MessageChannel] Error: (msgtype=0x470006,name=PLayerTransaction::Msg_ReleaseLayer) Channel error: cannot send/recv


###!!! [Child][MessageChannel] Error: (msgtype=0x470006,name=PLayerTransaction::Msg_ReleaseLayer) Channel error: cannot send/recv


###!!! [Child][MessageChannel] Error: (msgtype=0x470006,name=PLayerTransaction::Msg_ReleaseLayer) Channel error: cannot send/recv


###!!! [Child][MessageChannel] Error: (msgtype=0x470006,name=PLayerTransaction::Msg_ReleaseLayer) Channel error: cannot send/recv


###!!! [Child][MessageChannel] Error: (msgtype=0x470006,name=PLayerTransaction::Msg_ReleaseLayer) Channel error: cannot send/recv


###!!! [Child][MessageChannel] Error: (msgtype=0x470006,name=PLayerTransaction::Msg_ReleaseLayer) Channel error: cannot send/recv


###!!! [Child][RunMessage] Error: Channel error: cannot send/recv

[GFX1-]: Receive IPC close with reason=AbnormalShutdown
